[debug] [2022-05-26T20:11:05.820Z] ----------------------------------------------------------------------
[debug] [2022-05-26T20:11:05.822Z] Command:       /usr/local/bin/node /usr/local/bin/firebase emulators:start
[debug] [2022-05-26T20:11:05.823Z] CLI Version:   10.8.0
[debug] [2022-05-26T20:11:05.823Z] Platform:      darwin
[debug] [2022-05-26T20:11:05.823Z] Node Version:  v17.9.0
[debug] [2022-05-26T20:11:05.831Z] Time:          Thu May 26 2022 16:11:05 GMT-0400 (Eastern Daylight Time)
[debug] [2022-05-26T20:11:05.832Z] ----------------------------------------------------------------------
[debug] 
[debug] [2022-05-26T20:11:05.835Z] >>> [apiv2][query] GET https://firebase-public.firebaseio.com/cli.json [none]
[debug] [2022-05-26T20:11:06.000Z] Object "" in "firebase.json" has unknown property: {"additionalProperty":"emuators"}
[debug] [2022-05-26T20:11:06.007Z] > command requires scopes: ["email","openid","https://www.googleapis.com/auth/cloudplatformprojects.readonly","https://www.googleapis.com/auth/firebase","https://www.googleapis.com/auth/cloud-platform"]
[debug] [2022-05-26T20:11:06.008Z] > authorizing via signed-in user (annstarovoitov@gmail.com)
[info] i  emulators: Starting emulators: functions, hosting {"metadata":{"emulator":{"name":"hub"},"message":"Starting emulators: functions, hosting"}}
[debug] [2022-05-26T20:11:06.102Z] [hub] writing locator at /var/folders/2g/5xdwft_s567cq0jh07sqpbyh0000gp/T/hub-my-first-firestore-hs.json
[warn] ⚠  functions: The following emulators are not running, calls to these services from the Functions emulator will affect production: auth, firestore, database, pubsub, storage {"metadata":{"emulator":{"name":"functions"},"message":"The following emulators are not running, calls to these services from the Functions emulator will affect production: \u001b[1mauth, firestore, database, pubsub, storage\u001b[22m"}}
[warn] ⚠  Your requested "node" version "16" doesn't match your global version "17". Using node@17 from host. {"metadata":{"emulator":{"name":"functions"},"message":"Your requested \"node\" version \"16\" doesn't match your global version \"17\". Using node@17 from host."}}
[debug] [2022-05-26T20:11:06.157Z] defaultcredentials: writing to file /Users/Hanna/.config/firebase/annstarovoitov_gmail_com_application_default_credentials.json
[debug] [2022-05-26T20:11:06.167Z] Setting GAC to /Users/Hanna/.config/firebase/annstarovoitov_gmail_com_application_default_credentials.json {"metadata":{"emulator":{"name":"functions"},"message":"Setting GAC to /Users/Hanna/.config/firebase/annstarovoitov_gmail_com_application_default_credentials.json"}}
[debug] [2022-05-26T20:11:06.173Z] > refreshing access token with scopes: []
[debug] [2022-05-26T20:11:06.174Z] >>> HTTP REQUEST POST https://www.googleapis.com/oauth2/v3/token  
 <request body omitted>
[debug] [2022-05-26T20:11:06.546Z] <<< [apiv2][status] GET https://firebase-public.firebaseio.com/cli.json 200
[debug] [2022-05-26T20:11:06.546Z] <<< [apiv2][body] GET https://firebase-public.firebaseio.com/cli.json {"cloudBuildErrorAfter":1594252800000,"cloudBuildWarnAfter":1590019200000,"defaultNode10After":1594252800000,"minVersion":"3.0.5","node8DeploysDisabledAfter":1613390400000,"node8RuntimeDisabledAfter":1615809600000,"node8WarnAfter":1600128000000}
[debug] [2022-05-26T20:11:06.687Z] <<< HTTP RESPONSE 200 {"cache-control":"no-cache, no-store, max-age=0, must-revalidate","pragma":"no-cache","date":"Thu, 26 May 2022 20:11:06 GMT","expires":"Mon, 01 Jan 1990 00:00:00 GMT","content-type":"application/json; charset=utf-8","vary":"X-Origin, Referer, Origin,Accept-Encoding","server":"scaffolding on HTTPServer2","x-xss-protection":"0","x-frame-options":"SAMEORIGIN","x-content-type-options":"nosniff","alt-svc":"h3=\":443\"; ma=2592000,h3-29=\":443\"; ma=2592000,h3-Q050=\":443\"; ma=2592000,h3-Q046=\":443\"; ma=2592000,h3-Q043=\":443\"; ma=2592000,quic=\":443\"; ma=2592000; v=\"46,43\"","accept-ranges":"none","transfer-encoding":"chunked"}
[debug] [2022-05-26T20:11:06.741Z] >>> [apiv2][query] GET https://firebase.googleapis.com/v1beta1/projects/my-first-firestore-hs/adminSdkConfig [none]
[debug] [2022-05-26T20:11:07.013Z] <<< [apiv2][status] GET https://firebase.googleapis.com/v1beta1/projects/my-first-firestore-hs/adminSdkConfig 200
[debug] [2022-05-26T20:11:07.013Z] <<< [apiv2][body] GET https://firebase.googleapis.com/v1beta1/projects/my-first-firestore-hs/adminSdkConfig {"projectId":"my-first-firestore-hs","storageBucket":"my-first-firestore-hs.appspot.com","locationId":"us-central"}
[debug] [2022-05-26T20:11:07.042Z] >>> [apiv2][query] GET https://firebasehosting.googleapis.com/v1beta1/projects/my-first-firestore-hs/sites 
[debug] [2022-05-26T20:11:07.609Z] <<< [apiv2][status] GET https://firebasehosting.googleapis.com/v1beta1/projects/my-first-firestore-hs/sites 200
[debug] [2022-05-26T20:11:07.609Z] <<< [apiv2][body] GET https://firebasehosting.googleapis.com/v1beta1/projects/my-first-firestore-hs/sites {"sites":[{"name":"projects/my-first-firestore-hs/sites/my-first-firestore-hs","defaultUrl":"https://my-first-firestore-hs.web.app","type":"DEFAULT_SITE"}]}
[debug] [2022-05-26T20:11:07.609Z] >>> [apiv2][query] GET https://firebase.googleapis.com/v1beta1/projects/my-first-firestore-hs/webApps/-/config [none]
[debug] [2022-05-26T20:11:08.320Z] <<< [apiv2][status] GET https://firebase.googleapis.com/v1beta1/projects/my-first-firestore-hs/webApps/-/config 200
[debug] [2022-05-26T20:11:08.320Z] <<< [apiv2][body] GET https://firebase.googleapis.com/v1beta1/projects/my-first-firestore-hs/webApps/-/config {"projectId":"my-first-firestore-hs","appId":"1:612814789641:web:57c374bae51f7da992acd8","storageBucket":"my-first-firestore-hs.appspot.com","locationId":"us-central","apiKey":"AIzaSyB-2jCqhSfLnsCE8qSktRHeICSY2xNHyOw","authDomain":"my-first-firestore-hs.firebaseapp.com","messagingSenderId":"612814789641"}
[info] i  hosting: Serving hosting files from: public {"metadata":{"emulator":{"name":"hosting"},"message":"Serving hosting files from: \u001b[1mpublic\u001b[22m"}}
[info] ✔  hosting: Local server: http://localhost:5000 {"metadata":{"emulator":{"name":"hosting"},"message":"Local server: \u001b[4m\u001b[1mhttp://localhost:5000\u001b[22m\u001b[24m"}}
[warn] ⚠  ui: Emulator UI unable to start on port 4000, starting on 4001 instead. {"metadata":{"emulator":{"name":"ui"},"message":"Emulator UI unable to start on port 4000, starting on 4001 instead."}}
[debug] [2022-05-26T20:11:08.563Z] Ignoring unsupported arg: auto_download {"metadata":{"emulator":{"name":"ui"},"message":"Ignoring unsupported arg: auto_download"}}
[debug] [2022-05-26T20:11:08.563Z] Ignoring unsupported arg: port {"metadata":{"emulator":{"name":"ui"},"message":"Ignoring unsupported arg: port"}}
[debug] [2022-05-26T20:11:08.563Z] Starting Emulator UI with command {"binary":"node","args":["/Users/Hanna/.cache/firebase/emulators/ui-v1.6.6/server.bundle.js"],"optionalArgs":[],"joinArgs":false} {"metadata":{"emulator":{"name":"ui"},"message":"Starting Emulator UI with command {\"binary\":\"node\",\"args\":[\"/Users/Hanna/.cache/firebase/emulators/ui-v1.6.6/server.bundle.js\"],\"optionalArgs\":[],\"joinArgs\":false}"}}
[info] i  ui: Emulator UI logging to ui-debug.log {"metadata":{"emulator":{"name":"ui"},"message":"Emulator UI logging to \u001b[1mui-debug.log\u001b[22m"}}
[debug] [2022-05-26T20:11:09.269Z] Web / API server started at localhost:4001
 {"metadata":{"emulator":{"name":"ui"},"message":"Web / API server started at localhost:4001\n"}}
[info] i  functions: Watching "/Users/Hanna/code/restaurant-api-220503/functions" for Cloud Functions... {"metadata":{"emulator":{"name":"functions"},"message":"Watching \"/Users/Hanna/code/restaurant-api-220503/functions\" for Cloud Functions..."}}
[debug] [2022-05-26T20:11:09.509Z] Validating nodejs source
[debug] [2022-05-26T20:11:12.122Z] > [functions] package.json contents: {
  "name": "restaurants-api",
  "version": "1.0.0",
  "description": "",
  "main": "index.js",
  "type": "module",
  "scripts": {
    "test": "echo \"Error: no test specified\" && exit 1"
  },
  "keywords": [],
  "author": "",
  "license": "ISC",
  "dependencies": {
    "cors": "^2.8.5",
    "express": "^4.18.1",
    "firebase-admin": "^10.1.0",
    "firebase-functions": "^3.21.2"
  }
}
[debug] [2022-05-26T20:11:12.123Z] Building nodejs source
[debug] [2022-05-26T20:11:12.123Z] Analyzing nodejs backend spec
[info] ✔  functions[us-central1-api]: http function initialized (http://localhost:5001/my-first-firestore-hs/us-central1/api). {"metadata":{"emulator":{"name":"functions"},"message":"\u001b[1mhttp\u001b[22m function initialized (http://localhost:5001/my-first-firestore-hs/us-central1/api)."}}
[info] 
┌─────────────────────────────────────────────────────────────┐
│ ✔  All emulators ready! It is now safe to connect your app. │
│ i  View Emulator UI at http://localhost:4001                │
└─────────────────────────────────────────────────────────────┘

┌───────────┬────────────────┬─────────────────────────────────┐
│ Emulator  │ Host:Port      │ View in Emulator UI             │
├───────────┼────────────────┼─────────────────────────────────┤
│ Functions │ localhost:5001 │ http://localhost:4001/functions │
├───────────┼────────────────┼─────────────────────────────────┤
│ Hosting   │ localhost:5000 │ n/a                             │
└───────────┴────────────────┴─────────────────────────────────┘
  Emulator Hub running at localhost:4400
  Other reserved ports: 4500

Issues? Report them at https://github.com/firebase/firebase-tools/issues and attach the *-debug.log files.
 
